<?xml version="1.0" encoding="UTF-8"?>
<!-- Generated by org.testng.reporters.JUnitReportReporter -->
<testsuite hostname="DESKTOP-8HC3KF0" name="com.urbanladder.runner.runner" tests="10" failures="0" timestamp="29 Sep 2021 18:33:26 GMT" time="94.195" errors="0">
  <testcase name="runScenario" time="9.522" classname="com.urbanladder.runner.runner"/>
  <testcase name="runScenario" time="5.292" classname="com.urbanladder.runner.runner"/>
  <testcase name="runScenario" time="8.641" classname="com.urbanladder.runner.runner"/>
  <testcase name="runScenario" time="2.503" classname="com.urbanladder.runner.runner"/>
  <testcase name="runScenario" time="9.134" classname="com.urbanladder.runner.runner"/>
  <testcase name="runScenario" time="9.549" classname="com.urbanladder.runner.runner"/>
  <testcase name="runScenario" time="8.624" classname="com.urbanladder.runner.runner"/>
  <testcase name="runScenario" time="9.945" classname="com.urbanladder.runner.runner"/>
  <testcase name="runScenario" time="21.114" classname="com.urbanladder.runner.runner"/>
  <testcase name="runScenario" time="9.871" classname="com.urbanladder.runner.runner"/>
</testsuite> <!-- com.urbanladder.runner.runner -->
